<?xml version="1.0" encoding="UTF-8"?>
<!-- Generated by org.testng.reporters.JUnitReportReporter -->
<testsuite hostname="Ahnaf-The-Great" failures="0" tests="8" name="simplelogin.simpletesting" time="190.089" errors="0" timestamp="2024-10-15T23:04:55 BDT" skipped="0">
  <testcase classname="simplelogin.simpletesting" name="loginwithvalidusernameandvalidpassword" time="23.456"/>
  <system-out/>
  <testcase classname="simplelogin.simpletesting" name="loginwithemptyusernameandemptypassword" time="22.953"/>
  <system-out/>
  <testcase classname="simplelogin.simpletesting" name="loginwithevalidusernameandinvalidpassword" time="23.807"/>
  <system-out/>
  <testcase classname="simplelogin.simpletesting" name="loginwithinvalidusernameandinvalidpassword" time="22.579"/>
  <system-out/>
  <testcase classname="simplelogin.simpletesting" name="loginwithvalidusernameandemptypassword" time="27.304"/>
  <system-out/>
  <testcase classname="simplelogin.simpletesting" name="loginwithinvalidusernameandvalidpassword" time="24.424"/>
  <system-out/>
  <testcase classname="simplelogin.simpletesting" name="loginwithemptyusernameandvalidpassword" time="23.257"/>
  <system-out/>
  <testcase classname="simplelogin.simpletesting" name="loginwithemptyusernameandinvalidpassword" time="22.309"/>
  <system-out/>
</testsuite> <!-- simplelogin.simpletesting -->
